[Wed, 04 Sep 2013 21:15:46 GMT] ERROR 127.0.0.1 - - [Thu Sep 05 2013 02:45:46 GMT+0530 (India Standard Time)] "GET /todos 1.1" 500 1538 "-" "Mozilla/5.0 (Windows NT 6.2; WOW64) AppleWebKit/537.36 (KHTML, like Gecko) Chrome/29.0.1547.66 Safari/537.36"
ReferenceError: ejs:5
    3|   <a href="/todos/add" class="btn pull-right">Create a new To Do</a></p>
    4| </div>
 >> 5| <% if (todos && todos.length) { %>
    6|   <% for (var i in todos) { %>
    7|   <div class="row todo-item">
    8|     <div class="span8"><h3><a href="/todos/<%= todos[i].id; %>/edit"><%= todos[i].title; %></a></h3></div>
todos is not defined
    at handleErr (C:\Users\kanizFatma\AppData\Roaming\npm\node_modules\geddy\lib\template\engines\ejs.js:58:15)
    at Object.rethrow (C:\Users\kanizFatma\AppData\Roaming\npm\node_modules\geddy\lib\template\engines\ejs.js:90:41)
    at eval (eval at <anonymous> (C:\Users\kanizFatma\AppData\Roaming\npm\node_modules\geddy\lib\template\engines\ejs.js:88:10), <anonymous>:2:823)
    at C:\Users\kanizFatma\AppData\Roaming\npm\node_modules\geddy\lib\template\engines\ejs.js:101:17
    at ejs.render (C:\Users\kanizFatma\AppData\Roaming\npm\node_modules\geddy\lib\template\adapters\ejs.js:28:10)
    at Adapter.render (C:\Users\kanizFatma\AppData\Roaming\npm\node_modules\geddy\lib\template\adapters\index.js:125:22)
    at Partial.renderSelf (C:\Users\kanizFatma\AppData\Roaming\npm\node_modules\geddy\lib\template\partial.js:126:28)
    at handleData (C:\Users\kanizFatma\AppData\Roaming\npm\node_modules\geddy\lib\template\partial.js:99:16)
    at C:\Users\kanizFatma\AppData\Roaming\npm\node_modules\geddy\lib\template\partial.js:117:9
    at fs.js:266:14
[Wed, 04 Sep 2013 21:16:49 GMT] ERROR 127.0.0.1 - - [Thu Sep 05 2013 02:46:49 GMT+0530 (India Standard Time)] "GET /todos 1.1" 500 1538 "-" "Mozilla/5.0 (Windows NT 6.2; WOW64) AppleWebKit/537.36 (KHTML, like Gecko) Chrome/29.0.1547.66 Safari/537.36"
ReferenceError: ejs:5
    3|   <a href="/todos/add" class="btn pull-right">Create a new To Do</a></p>
    4| </div>
 >> 5| <% if (todos && todos.length) { %>
    6|   <% for (var i in todos) { %>
    7|   <div class="row todo-item">
    8|     <div class="span8"><h3><a href="/todos/<%= todos[i].id; %>/edit"><%= todos[i].title; %></a></h3></div>
todos is not defined
    at handleErr (C:\Users\kanizFatma\AppData\Roaming\npm\node_modules\geddy\lib\template\engines\ejs.js:58:15)
    at Object.rethrow (C:\Users\kanizFatma\AppData\Roaming\npm\node_modules\geddy\lib\template\engines\ejs.js:90:41)
    at eval (eval at <anonymous> (C:\Users\kanizFatma\AppData\Roaming\npm\node_modules\geddy\lib\template\engines\ejs.js:88:10), <anonymous>:2:823)
    at C:\Users\kanizFatma\AppData\Roaming\npm\node_modules\geddy\lib\template\engines\ejs.js:101:17
    at ejs.render (C:\Users\kanizFatma\AppData\Roaming\npm\node_modules\geddy\lib\template\adapters\ejs.js:28:10)
    at Adapter.render (C:\Users\kanizFatma\AppData\Roaming\npm\node_modules\geddy\lib\template\adapters\index.js:125:22)
    at Partial.renderSelf (C:\Users\kanizFatma\AppData\Roaming\npm\node_modules\geddy\lib\template\partial.js:126:28)
    at handleData (C:\Users\kanizFatma\AppData\Roaming\npm\node_modules\geddy\lib\template\partial.js:99:16)
    at C:\Users\kanizFatma\AppData\Roaming\npm\node_modules\geddy\lib\template\partial.js:117:9
    at fs.js:266:14
[Wed, 04 Sep 2013 21:16:50 GMT] ERROR 127.0.0.1 - - [Thu Sep 05 2013 02:46:50 GMT+0530 (India Standard Time)] "GET /todos 1.1" 500 1538 "-" "Mozilla/5.0 (Windows NT 6.2; WOW64) AppleWebKit/537.36 (KHTML, like Gecko) Chrome/29.0.1547.66 Safari/537.36"
ReferenceError: ejs:5
    3|   <a href="/todos/add" class="btn pull-right">Create a new To Do</a></p>
    4| </div>
 >> 5| <% if (todos && todos.length) { %>
    6|   <% for (var i in todos) { %>
    7|   <div class="row todo-item">
    8|     <div class="span8"><h3><a href="/todos/<%= todos[i].id; %>/edit"><%= todos[i].title; %></a></h3></div>
todos is not defined
    at handleErr (C:\Users\kanizFatma\AppData\Roaming\npm\node_modules\geddy\lib\template\engines\ejs.js:58:15)
    at Object.rethrow (C:\Users\kanizFatma\AppData\Roaming\npm\node_modules\geddy\lib\template\engines\ejs.js:90:41)
    at eval (eval at <anonymous> (C:\Users\kanizFatma\AppData\Roaming\npm\node_modules\geddy\lib\template\engines\ejs.js:88:10), <anonymous>:2:823)
    at C:\Users\kanizFatma\AppData\Roaming\npm\node_modules\geddy\lib\template\engines\ejs.js:101:17
    at ejs.render (C:\Users\kanizFatma\AppData\Roaming\npm\node_modules\geddy\lib\template\adapters\ejs.js:28:10)
    at Adapter.render (C:\Users\kanizFatma\AppData\Roaming\npm\node_modules\geddy\lib\template\adapters\index.js:125:22)
    at Partial.renderSelf (C:\Users\kanizFatma\AppData\Roaming\npm\node_modules\geddy\lib\template\partial.js:126:28)
    at handleData (C:\Users\kanizFatma\AppData\Roaming\npm\node_modules\geddy\lib\template\partial.js:99:16)
    at C:\Users\kanizFatma\AppData\Roaming\npm\node_modules\geddy\lib\template\partial.js:117:9
    at fs.js:266:14
